2020-03-04 16:27:34 [main] INFO  com.main.SpiderToumingfangchanApplication - Starting SpiderToumingfangchanApplication on DESKTOP-BO0F95N with PID 22484 (D:\work\eclipse\workspace\SpiderToumingfangchan\target\classes started by jinty in D:\work\eclipse\workspace\SpiderToumingfangchan)
2020-03-04 16:27:34 [main] INFO  com.main.SpiderToumingfangchanApplication - No active profile set, falling back to default profiles: default
2020-03-04 16:27:35 [main] WARN  org.mybatis.spring.mapper.ClassPathMapperScanner - No MyBatis mapper was found in '[com.main]' package. Please check your configuration.
2020-03-04 16:27:35 [main] INFO  o.s.boot.web.embedded.tomcat.TomcatWebServer - Tomcat initialized with port(s): 8080 (http)
2020-03-04 16:27:35 [main] INFO  org.apache.coyote.http11.Http11NioProtocol - Initializing ProtocolHandler ["http-nio-8080"]
2020-03-04 16:27:35 [main] INFO  org.apache.catalina.core.StandardService - Starting service [Tomcat]
2020-03-04 16:27:35 [main] INFO  org.apache.catalina.core.StandardEngine - Starting Servlet engine: [Apache Tomcat/9.0.31]
2020-03-04 16:27:35 [main] INFO  o.a.c.core.ContainerBase.[Tomcat].[localhost].[/] - Initializing Spring embedded WebApplicationContext
2020-03-04 16:27:35 [main] DEBUG org.springframework.web.context.ContextLoader - Published root WebApplicationContext as ServletContext attribute with name [org.springframework.web.context.WebApplicationContext.ROOT]
2020-03-04 16:27:35 [main] INFO  org.springframework.web.context.ContextLoader - Root WebApplicationContext: initialization completed in 1100 ms
2020-03-04 16:27:35 [main] INFO  o.s.scheduling.concurrent.ThreadPoolTaskExecutor - Initializing ExecutorService 'applicationTaskExecutor'
2020-03-04 16:27:35 [main] DEBUG o.s.w.s.m.m.a.RequestMappingHandlerAdapter - ControllerAdvice beans: 0 @ModelAttribute, 0 @InitBinder, 1 RequestBodyAdvice, 1 ResponseBodyAdvice
2020-03-04 16:27:35 [main] DEBUG o.s.w.s.m.m.a.RequestMappingHandlerMapping - 2 mappings in 'requestMappingHandlerMapping'
2020-03-04 16:27:35 [main] DEBUG o.s.web.servlet.handler.SimpleUrlHandlerMapping - Patterns [/webjars/**, /**] in 'resourceHandlerMapping'
2020-03-04 16:27:35 [main] DEBUG o.s.w.s.m.m.a.ExceptionHandlerExceptionResolver - ControllerAdvice beans: 0 @ExceptionHandler, 1 ResponseBodyAdvice
2020-03-04 16:27:35 [main] WARN  o.s.b.w.s.c.AnnotationConfigServletWebServerApplicationContext - Exception encountered during context initialization - cancelling refresh attempt: org.springframework.beans.factory.UnsatisfiedDependencyException: Error creating bean with name 'dataSource' defined in class path resource [org/springframework/boot/autoconfigure/jdbc/DataSourceConfiguration$Generic.class]: Unsatisfied dependency expressed through method 'dataSource' parameter 0; nested exception is org.springframework.boot.context.properties.ConfigurationPropertiesBindException: Error creating bean with name 'spring.datasource-org.springframework.boot.autoconfigure.jdbc.DataSourceProperties': Could not bind properties to 'DataSourceProperties' : prefix=spring.datasource, ignoreInvalidFields=false, ignoreUnknownFields=true; nested exception is org.springframework.boot.context.properties.bind.BindException: Failed to bind properties under 'spring.datasource.type' to java.lang.Class<javax.sql.DataSource>
2020-03-04 16:27:35 [main] INFO  o.s.scheduling.concurrent.ThreadPoolTaskExecutor - Shutting down ExecutorService 'applicationTaskExecutor'
2020-03-04 16:27:35 [main] INFO  org.apache.catalina.core.StandardService - Stopping service [Tomcat]
2020-03-04 16:27:35 [main] INFO  o.s.b.a.l.ConditionEvaluationReportLoggingListener - 

Error starting ApplicationContext. To display the conditions report re-run your application with 'debug' enabled.
2020-03-04 16:27:35 [main] ERROR o.s.b.diagnostics.LoggingFailureAnalysisReporter - 

***************************
APPLICATION FAILED TO START
***************************

Description:

Failed to bind properties under 'spring.datasource.type' to java.lang.Class<javax.sql.DataSource>:

    Property: spring.datasource.type
    Value: com.alibaba.druid.pool.DruidDataSource
    Origin: class path resource [application.properties]:18:24
    Reason: No converter found capable of converting from type [java.lang.String] to type [java.lang.Class<javax.sql.DataSource>]

Action:

Update your application's configuration

2020-03-04 16:29:14 [main] INFO  com.main.SpiderToumingfangchanApplication - Starting SpiderToumingfangchanApplication on DESKTOP-BO0F95N with PID 10164 (D:\work\eclipse\workspace\SpiderToumingfangchan\target\classes started by jinty in D:\work\eclipse\workspace\SpiderToumingfangchan)
2020-03-04 16:29:14 [main] INFO  com.main.SpiderToumingfangchanApplication - No active profile set, falling back to default profiles: default
2020-03-04 16:29:15 [main] WARN  org.mybatis.spring.mapper.ClassPathMapperScanner - No MyBatis mapper was found in '[com.main]' package. Please check your configuration.
2020-03-04 16:29:15 [main] INFO  o.s.boot.web.embedded.tomcat.TomcatWebServer - Tomcat initialized with port(s): 8080 (http)
2020-03-04 16:29:15 [main] INFO  org.apache.coyote.http11.Http11NioProtocol - Initializing ProtocolHandler ["http-nio-8080"]
2020-03-04 16:29:15 [main] INFO  org.apache.catalina.core.StandardService - Starting service [Tomcat]
2020-03-04 16:29:15 [main] INFO  org.apache.catalina.core.StandardEngine - Starting Servlet engine: [Apache Tomcat/9.0.31]
2020-03-04 16:29:15 [main] INFO  o.a.c.core.ContainerBase.[Tomcat].[localhost].[/] - Initializing Spring embedded WebApplicationContext
2020-03-04 16:29:15 [main] DEBUG org.springframework.web.context.ContextLoader - Published root WebApplicationContext as ServletContext attribute with name [org.springframework.web.context.WebApplicationContext.ROOT]
2020-03-04 16:29:15 [main] INFO  org.springframework.web.context.ContextLoader - Root WebApplicationContext: initialization completed in 1094 ms
2020-03-04 16:29:15 [main] INFO  o.s.scheduling.concurrent.ThreadPoolTaskExecutor - Initializing ExecutorService 'applicationTaskExecutor'
2020-03-04 16:29:15 [main] DEBUG o.s.w.s.m.m.a.RequestMappingHandlerAdapter - ControllerAdvice beans: 0 @ModelAttribute, 0 @InitBinder, 1 RequestBodyAdvice, 1 ResponseBodyAdvice
2020-03-04 16:29:15 [main] DEBUG o.s.w.s.m.m.a.RequestMappingHandlerMapping - 2 mappings in 'requestMappingHandlerMapping'
2020-03-04 16:29:15 [main] DEBUG o.s.web.servlet.handler.SimpleUrlHandlerMapping - Patterns [/webjars/**, /**] in 'resourceHandlerMapping'
2020-03-04 16:29:15 [main] DEBUG o.s.w.s.m.m.a.ExceptionHandlerExceptionResolver - ControllerAdvice beans: 0 @ExceptionHandler, 1 ResponseBodyAdvice
2020-03-04 16:29:16 [main] INFO  org.apache.coyote.http11.Http11NioProtocol - Starting ProtocolHandler ["http-nio-8080"]
2020-03-04 16:29:16 [main] INFO  o.s.boot.web.embedded.tomcat.TomcatWebServer - Tomcat started on port(s): 8080 (http) with context path ''
2020-03-04 16:29:16 [main] INFO  com.main.SpiderToumingfangchanApplication - Started SpiderToumingfangchanApplication in 2.358 seconds (JVM running for 3.545)
2020-03-04 16:29:47 [http-nio-8080-exec-1] INFO  o.a.c.core.ContainerBase.[Tomcat].[localhost].[/] - Initializing Spring DispatcherServlet 'dispatcherServlet'
2020-03-04 16:29:47 [http-nio-8080-exec-1] INFO  org.springframework.web.servlet.DispatcherServlet - Initializing Servlet 'dispatcherServlet'
2020-03-04 16:29:47 [http-nio-8080-exec-1] DEBUG org.springframework.web.servlet.DispatcherServlet - Detected StandardServletMultipartResolver
2020-03-04 16:29:47 [http-nio-8080-exec-1] DEBUG org.springframework.web.servlet.DispatcherServlet - enableLoggingRequestDetails='false': request parameters and headers will be masked to prevent unsafe logging of potentially sensitive data
2020-03-04 16:29:47 [http-nio-8080-exec-1] INFO  org.springframework.web.servlet.DispatcherServlet - Completed initialization in 9 ms
2020-03-04 16:29:47 [http-nio-8080-exec-1] DEBUG org.springframework.web.servlet.DispatcherServlet - GET "/wywmsj/swagger-ui.html", parameters={}
2020-03-04 16:29:47 [http-nio-8080-exec-1] DEBUG o.s.web.servlet.handler.SimpleUrlHandlerMapping - Mapped to ResourceHttpRequestHandler ["classpath:/META-INF/resources/", "classpath:/resources/", "classpath:/static/", "classpath:/public/", "/"]
2020-03-04 16:29:47 [http-nio-8080-exec-1] DEBUG o.s.w.servlet.resource.ResourceHttpRequestHandler - Resource not found
2020-03-04 16:29:47 [http-nio-8080-exec-1] DEBUG org.springframework.web.servlet.DispatcherServlet - Completed 404 NOT_FOUND
2020-03-04 16:29:47 [http-nio-8080-exec-1] DEBUG org.springframework.web.servlet.DispatcherServlet - "ERROR" dispatch for GET "/error", parameters={}
2020-03-04 16:29:47 [http-nio-8080-exec-1] DEBUG o.s.w.s.m.m.a.RequestMappingHandlerMapping - Mapped to org.springframework.boot.autoconfigure.web.servlet.error.BasicErrorController#errorHtml(HttpServletRequest, HttpServletResponse)
2020-03-04 16:29:47 [http-nio-8080-exec-1] DEBUG o.s.w.servlet.view.ContentNegotiatingViewResolver - Selected 'text/html' given [text/html, text/html;q=0.8]
2020-03-04 16:29:47 [http-nio-8080-exec-1] DEBUG org.springframework.web.servlet.DispatcherServlet - Exiting from "ERROR" dispatch, status 404
2020-03-04 16:29:47 [http-nio-8080-exec-2] DEBUG org.springframework.web.servlet.DispatcherServlet - GET "/favicon.ico", parameters={}
2020-03-04 16:29:47 [http-nio-8080-exec-2] DEBUG o.s.web.servlet.handler.SimpleUrlHandlerMapping - Mapped to ResourceHttpRequestHandler ["classpath:/META-INF/resources/", "classpath:/resources/", "classpath:/static/", "classpath:/public/", "/"]
2020-03-04 16:29:47 [http-nio-8080-exec-2] DEBUG o.s.w.servlet.resource.ResourceHttpRequestHandler - Resource not found
2020-03-04 16:29:47 [http-nio-8080-exec-2] DEBUG org.springframework.web.servlet.DispatcherServlet - Completed 404 NOT_FOUND
2020-03-04 16:29:47 [http-nio-8080-exec-2] DEBUG org.springframework.web.servlet.DispatcherServlet - "ERROR" dispatch for GET "/error", parameters={}
2020-03-04 16:29:47 [http-nio-8080-exec-2] DEBUG o.s.w.s.m.m.a.RequestMappingHandlerMapping - Mapped to org.springframework.boot.autoconfigure.web.servlet.error.BasicErrorController#error(HttpServletRequest)
2020-03-04 16:29:47 [http-nio-8080-exec-2] DEBUG o.s.w.s.m.m.annotation.HttpEntityMethodProcessor - Using 'application/json', given [*/*] and supported [application/json, application/*+json, application/json, application/*+json]
2020-03-04 16:29:47 [http-nio-8080-exec-2] DEBUG o.s.w.s.m.m.annotation.HttpEntityMethodProcessor - Writing [{timestamp=Wed Mar 04 16:29:47 CST 2020, status=404, error=Not Found, message=No message available,  (truncated)...]
2020-03-04 16:29:47 [http-nio-8080-exec-2] DEBUG org.springframework.web.servlet.DispatcherServlet - Exiting from "ERROR" dispatch, status 404
2020-03-04 16:29:50 [http-nio-8080-exec-4] DEBUG org.springframework.web.servlet.DispatcherServlet - GET "/", parameters={}
2020-03-04 16:29:50 [http-nio-8080-exec-4] DEBUG o.s.web.servlet.handler.SimpleUrlHandlerMapping - Mapped to ResourceHttpRequestHandler ["classpath:/META-INF/resources/", "classpath:/resources/", "classpath:/static/", "classpath:/public/", "/"]
2020-03-04 16:29:50 [http-nio-8080-exec-4] DEBUG o.s.w.servlet.resource.ResourceHttpRequestHandler - Resource not found
2020-03-04 16:29:50 [http-nio-8080-exec-4] DEBUG org.springframework.web.servlet.DispatcherServlet - Completed 404 NOT_FOUND
2020-03-04 16:29:50 [http-nio-8080-exec-4] DEBUG org.springframework.web.servlet.DispatcherServlet - "ERROR" dispatch for GET "/error", parameters={}
2020-03-04 16:29:50 [http-nio-8080-exec-4] DEBUG o.s.w.s.m.m.a.RequestMappingHandlerMapping - Mapped to org.springframework.boot.autoconfigure.web.servlet.error.BasicErrorController#errorHtml(HttpServletRequest, HttpServletResponse)
2020-03-04 16:29:50 [http-nio-8080-exec-4] DEBUG o.s.w.servlet.view.ContentNegotiatingViewResolver - Selected 'text/html' given [text/html, text/html;q=0.8]
2020-03-04 16:29:50 [http-nio-8080-exec-4] DEBUG org.springframework.web.servlet.DispatcherServlet - Exiting from "ERROR" dispatch, status 404
2020-03-04 16:29:51 [http-nio-8080-exec-5] DEBUG org.springframework.web.servlet.DispatcherServlet - GET "/favicon.ico", parameters={}
2020-03-04 16:29:51 [http-nio-8080-exec-5] DEBUG o.s.web.servlet.handler.SimpleUrlHandlerMapping - Mapped to ResourceHttpRequestHandler ["classpath:/META-INF/resources/", "classpath:/resources/", "classpath:/static/", "classpath:/public/", "/"]
2020-03-04 16:29:51 [http-nio-8080-exec-5] DEBUG o.s.w.servlet.resource.ResourceHttpRequestHandler - Resource not found
2020-03-04 16:29:51 [http-nio-8080-exec-5] DEBUG org.springframework.web.servlet.DispatcherServlet - Completed 404 NOT_FOUND
2020-03-04 16:29:51 [http-nio-8080-exec-5] DEBUG org.springframework.web.servlet.DispatcherServlet - "ERROR" dispatch for GET "/error", parameters={}
2020-03-04 16:29:51 [http-nio-8080-exec-5] DEBUG o.s.w.s.m.m.a.RequestMappingHandlerMapping - Mapped to org.springframework.boot.autoconfigure.web.servlet.error.BasicErrorController#error(HttpServletRequest)
2020-03-04 16:29:51 [http-nio-8080-exec-5] DEBUG o.s.w.s.m.m.annotation.HttpEntityMethodProcessor - Using 'application/json', given [*/*] and supported [application/json, application/*+json, application/json, application/*+json]
2020-03-04 16:29:51 [http-nio-8080-exec-5] DEBUG o.s.w.s.m.m.annotation.HttpEntityMethodProcessor - Writing [{timestamp=Wed Mar 04 16:29:51 CST 2020, status=404, error=Not Found, message=No message available,  (truncated)...]
2020-03-04 16:29:51 [http-nio-8080-exec-5] DEBUG org.springframework.web.servlet.DispatcherServlet - Exiting from "ERROR" dispatch, status 404
2020-03-04 16:29:55 [http-nio-8080-exec-6] DEBUG org.springframework.web.servlet.DispatcherServlet - GET "/", parameters={}
2020-03-04 16:29:55 [http-nio-8080-exec-6] DEBUG o.s.web.servlet.handler.SimpleUrlHandlerMapping - Mapped to ResourceHttpRequestHandler ["classpath:/META-INF/resources/", "classpath:/resources/", "classpath:/static/", "classpath:/public/", "/"]
2020-03-04 16:29:55 [http-nio-8080-exec-6] DEBUG o.s.w.servlet.resource.ResourceHttpRequestHandler - Resource not found
2020-03-04 16:29:55 [http-nio-8080-exec-6] DEBUG org.springframework.web.servlet.DispatcherServlet - Completed 404 NOT_FOUND
2020-03-04 16:29:55 [http-nio-8080-exec-6] DEBUG org.springframework.web.servlet.DispatcherServlet - "ERROR" dispatch for GET "/error", parameters={}
2020-03-04 16:29:55 [http-nio-8080-exec-6] DEBUG o.s.w.s.m.m.a.RequestMappingHandlerMapping - Mapped to org.springframework.boot.autoconfigure.web.servlet.error.BasicErrorController#errorHtml(HttpServletRequest, HttpServletResponse)
2020-03-04 16:29:55 [http-nio-8080-exec-6] DEBUG o.s.w.servlet.view.ContentNegotiatingViewResolver - Selected 'text/html' given [text/html, text/html;q=0.8]
2020-03-04 16:29:55 [http-nio-8080-exec-6] DEBUG org.springframework.web.servlet.DispatcherServlet - Exiting from "ERROR" dispatch, status 404
2020-03-04 16:30:39 [http-nio-8080-exec-1] DEBUG org.springframework.web.servlet.DispatcherServlet - GET "/SpiderToumingfangchan/newhouse", parameters={}
2020-03-04 16:30:39 [http-nio-8080-exec-1] DEBUG o.s.web.servlet.handler.SimpleUrlHandlerMapping - Mapped to ResourceHttpRequestHandler ["classpath:/META-INF/resources/", "classpath:/resources/", "classpath:/static/", "classpath:/public/", "/"]
2020-03-04 16:30:39 [http-nio-8080-exec-1] DEBUG o.s.w.servlet.resource.ResourceHttpRequestHandler - Resource not found
2020-03-04 16:30:39 [http-nio-8080-exec-1] DEBUG org.springframework.web.servlet.DispatcherServlet - Completed 404 NOT_FOUND
2020-03-04 16:30:39 [http-nio-8080-exec-1] DEBUG org.springframework.web.servlet.DispatcherServlet - "ERROR" dispatch for GET "/error", parameters={}
2020-03-04 16:30:39 [http-nio-8080-exec-1] DEBUG o.s.w.s.m.m.a.RequestMappingHandlerMapping - Mapped to org.springframework.boot.autoconfigure.web.servlet.error.BasicErrorController#errorHtml(HttpServletRequest, HttpServletResponse)
2020-03-04 16:30:39 [http-nio-8080-exec-1] DEBUG o.s.w.servlet.view.ContentNegotiatingViewResolver - Selected 'text/html' given [text/html, text/html;q=0.8]
2020-03-04 16:30:39 [http-nio-8080-exec-1] DEBUG org.springframework.web.servlet.DispatcherServlet - Exiting from "ERROR" dispatch, status 404
2020-03-04 16:31:16 [http-nio-8080-exec-2] DEBUG org.springframework.web.servlet.DispatcherServlet - GET "/SpiderToumingfangchan/newhouse/newhouse", parameters={}
2020-03-04 16:31:16 [http-nio-8080-exec-2] DEBUG o.s.web.servlet.handler.SimpleUrlHandlerMapping - Mapped to ResourceHttpRequestHandler ["classpath:/META-INF/resources/", "classpath:/resources/", "classpath:/static/", "classpath:/public/", "/"]
2020-03-04 16:31:16 [http-nio-8080-exec-2] DEBUG o.s.w.servlet.resource.ResourceHttpRequestHandler - Resource not found
2020-03-04 16:31:16 [http-nio-8080-exec-2] DEBUG org.springframework.web.servlet.DispatcherServlet - Completed 404 NOT_FOUND
2020-03-04 16:31:16 [http-nio-8080-exec-2] DEBUG org.springframework.web.servlet.DispatcherServlet - "ERROR" dispatch for GET "/error", parameters={}
2020-03-04 16:31:16 [http-nio-8080-exec-2] DEBUG o.s.w.s.m.m.a.RequestMappingHandlerMapping - Mapped to org.springframework.boot.autoconfigure.web.servlet.error.BasicErrorController#errorHtml(HttpServletRequest, HttpServletResponse)
2020-03-04 16:31:16 [http-nio-8080-exec-2] DEBUG o.s.w.servlet.view.ContentNegotiatingViewResolver - Selected 'text/html' given [text/html, text/html;q=0.8]
2020-03-04 16:31:16 [http-nio-8080-exec-2] DEBUG org.springframework.web.servlet.DispatcherServlet - Exiting from "ERROR" dispatch, status 404
2020-03-04 16:31:26 [http-nio-8080-exec-3] DEBUG org.springframework.web.servlet.DispatcherServlet - GET "/SpiderToumingfangchan/newhouse/newhouse", parameters={}
2020-03-04 16:31:26 [http-nio-8080-exec-3] DEBUG o.s.web.servlet.handler.SimpleUrlHandlerMapping - Mapped to ResourceHttpRequestHandler ["classpath:/META-INF/resources/", "classpath:/resources/", "classpath:/static/", "classpath:/public/", "/"]
2020-03-04 16:31:26 [http-nio-8080-exec-3] DEBUG o.s.w.servlet.resource.ResourceHttpRequestHandler - Resource not found
2020-03-04 16:31:26 [http-nio-8080-exec-3] DEBUG org.springframework.web.servlet.DispatcherServlet - Completed 404 NOT_FOUND
2020-03-04 16:31:26 [http-nio-8080-exec-3] DEBUG org.springframework.web.servlet.DispatcherServlet - "ERROR" dispatch for GET "/error", parameters={}
2020-03-04 16:31:26 [http-nio-8080-exec-3] DEBUG o.s.w.s.m.m.a.RequestMappingHandlerMapping - Mapped to org.springframework.boot.autoconfigure.web.servlet.error.BasicErrorController#errorHtml(HttpServletRequest, HttpServletResponse)
2020-03-04 16:31:26 [http-nio-8080-exec-3] DEBUG o.s.w.servlet.view.ContentNegotiatingViewResolver - Selected 'text/html' given [text/html, text/html;q=0.8]
2020-03-04 16:31:26 [http-nio-8080-exec-3] DEBUG org.springframework.web.servlet.DispatcherServlet - Exiting from "ERROR" dispatch, status 404
2020-03-04 16:32:00 [main] INFO  com.main.SpiderToumingfangchanApplication - Starting SpiderToumingfangchanApplication on DESKTOP-BO0F95N with PID 25412 (D:\work\eclipse\workspace\SpiderToumingfangchan\target\classes started by jinty in D:\work\eclipse\workspace\SpiderToumingfangchan)
2020-03-04 16:32:00 [main] INFO  com.main.SpiderToumingfangchanApplication - No active profile set, falling back to default profiles: default
2020-03-04 16:32:01 [main] WARN  org.mybatis.spring.mapper.ClassPathMapperScanner - No MyBatis mapper was found in '[com.main]' package. Please check your configuration.
2020-03-04 16:32:01 [main] INFO  o.s.boot.web.embedded.tomcat.TomcatWebServer - Tomcat initialized with port(s): 8080 (http)
2020-03-04 16:32:01 [main] INFO  org.apache.coyote.http11.Http11NioProtocol - Initializing ProtocolHandler ["http-nio-8080"]
2020-03-04 16:32:01 [main] INFO  org.apache.catalina.core.StandardService - Starting service [Tomcat]
2020-03-04 16:32:01 [main] INFO  org.apache.catalina.core.StandardEngine - Starting Servlet engine: [Apache Tomcat/9.0.31]
2020-03-04 16:32:01 [main] INFO  o.a.c.core.ContainerBase.[Tomcat].[localhost].[/] - Initializing Spring embedded WebApplicationContext
2020-03-04 16:32:01 [main] DEBUG org.springframework.web.context.ContextLoader - Published root WebApplicationContext as ServletContext attribute with name [org.springframework.web.context.WebApplicationContext.ROOT]
2020-03-04 16:32:01 [main] INFO  org.springframework.web.context.ContextLoader - Root WebApplicationContext: initialization completed in 1334 ms
2020-03-04 16:32:01 [main] INFO  o.s.scheduling.concurrent.ThreadPoolTaskExecutor - Initializing ExecutorService 'applicationTaskExecutor'
2020-03-04 16:32:01 [main] DEBUG o.s.w.s.m.m.a.RequestMappingHandlerAdapter - ControllerAdvice beans: 0 @ModelAttribute, 0 @InitBinder, 1 RequestBodyAdvice, 1 ResponseBodyAdvice
2020-03-04 16:32:02 [main] DEBUG o.s.w.s.m.m.a.RequestMappingHandlerMapping - 2 mappings in 'requestMappingHandlerMapping'
2020-03-04 16:32:02 [main] DEBUG o.s.web.servlet.handler.SimpleUrlHandlerMapping - Patterns [/webjars/**, /**] in 'resourceHandlerMapping'
2020-03-04 16:32:02 [main] DEBUG o.s.w.s.m.m.a.ExceptionHandlerExceptionResolver - ControllerAdvice beans: 0 @ExceptionHandler, 1 ResponseBodyAdvice
2020-03-04 16:32:02 [main] INFO  org.apache.coyote.http11.Http11NioProtocol - Starting ProtocolHandler ["http-nio-8080"]
2020-03-04 16:32:02 [main] INFO  org.apache.coyote.http11.Http11NioProtocol - Pausing ProtocolHandler ["http-nio-8080"]
2020-03-04 16:32:02 [main] INFO  org.apache.catalina.core.StandardService - Stopping service [Tomcat]
2020-03-04 16:32:02 [main] INFO  org.apache.coyote.http11.Http11NioProtocol - Stopping ProtocolHandler ["http-nio-8080"]
2020-03-04 16:32:02 [main] INFO  org.apache.coyote.http11.Http11NioProtocol - Destroying ProtocolHandler ["http-nio-8080"]
2020-03-04 16:32:02 [main] INFO  o.s.b.a.l.ConditionEvaluationReportLoggingListener - 

Error starting ApplicationContext. To display the conditions report re-run your application with 'debug' enabled.
2020-03-04 16:32:02 [main] ERROR o.s.b.diagnostics.LoggingFailureAnalysisReporter - 

***************************
APPLICATION FAILED TO START
***************************

Description:

Web server failed to start. Port 8080 was already in use.

Action:

Identify and stop the process that's listening on port 8080 or configure this application to listen on another port.

2020-03-04 16:32:02 [main] INFO  o.s.scheduling.concurrent.ThreadPoolTaskExecutor - Shutting down ExecutorService 'applicationTaskExecutor'
2020-03-04 16:32:56 [main] INFO  com.main.SpiderToumingfangchanApplication - Starting SpiderToumingfangchanApplication on DESKTOP-BO0F95N with PID 14360 (D:\work\eclipse\workspace\SpiderToumingfangchan\target\classes started by jinty in D:\work\eclipse\workspace\SpiderToumingfangchan)
2020-03-04 16:32:56 [main] INFO  com.main.SpiderToumingfangchanApplication - No active profile set, falling back to default profiles: default
2020-03-04 16:32:57 [main] WARN  org.mybatis.spring.mapper.ClassPathMapperScanner - No MyBatis mapper was found in '[com.main]' package. Please check your configuration.
2020-03-04 16:32:57 [main] INFO  o.s.boot.web.embedded.tomcat.TomcatWebServer - Tomcat initialized with port(s): 8080 (http)
2020-03-04 16:32:57 [main] INFO  org.apache.coyote.http11.Http11NioProtocol - Initializing ProtocolHandler ["http-nio-8080"]
2020-03-04 16:32:57 [main] INFO  org.apache.catalina.core.StandardService - Starting service [Tomcat]
2020-03-04 16:32:57 [main] INFO  org.apache.catalina.core.StandardEngine - Starting Servlet engine: [Apache Tomcat/9.0.31]
2020-03-04 16:32:57 [main] INFO  o.a.c.core.ContainerBase.[Tomcat].[localhost].[/] - Initializing Spring embedded WebApplicationContext
2020-03-04 16:32:57 [main] DEBUG org.springframework.web.context.ContextLoader - Published root WebApplicationContext as ServletContext attribute with name [org.springframework.web.context.WebApplicationContext.ROOT]
2020-03-04 16:32:57 [main] INFO  org.springframework.web.context.ContextLoader - Root WebApplicationContext: initialization completed in 1147 ms
2020-03-04 16:32:58 [main] INFO  o.s.scheduling.concurrent.ThreadPoolTaskExecutor - Initializing ExecutorService 'applicationTaskExecutor'
2020-03-04 16:32:58 [main] DEBUG o.s.w.s.m.m.a.RequestMappingHandlerAdapter - ControllerAdvice beans: 0 @ModelAttribute, 0 @InitBinder, 1 RequestBodyAdvice, 1 ResponseBodyAdvice
2020-03-04 16:32:58 [main] DEBUG o.s.w.s.m.m.a.RequestMappingHandlerMapping - 2 mappings in 'requestMappingHandlerMapping'
2020-03-04 16:32:58 [main] DEBUG o.s.web.servlet.handler.SimpleUrlHandlerMapping - Patterns [/webjars/**, /**] in 'resourceHandlerMapping'
2020-03-04 16:32:58 [main] DEBUG o.s.w.s.m.m.a.ExceptionHandlerExceptionResolver - ControllerAdvice beans: 0 @ExceptionHandler, 1 ResponseBodyAdvice
2020-03-04 16:32:58 [main] INFO  org.apache.coyote.http11.Http11NioProtocol - Starting ProtocolHandler ["http-nio-8080"]
2020-03-04 16:32:58 [main] INFO  org.apache.coyote.http11.Http11NioProtocol - Pausing ProtocolHandler ["http-nio-8080"]
2020-03-04 16:32:58 [main] INFO  org.apache.catalina.core.StandardService - Stopping service [Tomcat]
2020-03-04 16:32:58 [main] INFO  org.apache.coyote.http11.Http11NioProtocol - Stopping ProtocolHandler ["http-nio-8080"]
2020-03-04 16:32:58 [main] INFO  org.apache.coyote.http11.Http11NioProtocol - Destroying ProtocolHandler ["http-nio-8080"]
2020-03-04 16:32:58 [main] INFO  o.s.b.a.l.ConditionEvaluationReportLoggingListener - 

Error starting ApplicationContext. To display the conditions report re-run your application with 'debug' enabled.
2020-03-04 16:32:58 [main] ERROR o.s.b.diagnostics.LoggingFailureAnalysisReporter - 

***************************
APPLICATION FAILED TO START
***************************

Description:

Web server failed to start. Port 8080 was already in use.

Action:

Identify and stop the process that's listening on port 8080 or configure this application to listen on another port.

2020-03-04 16:32:58 [main] INFO  o.s.scheduling.concurrent.ThreadPoolTaskExecutor - Shutting down ExecutorService 'applicationTaskExecutor'
2020-03-04 16:33:18 [RMI TCP Connection(2)-127.0.0.1] INFO  o.s.b.a.SpringApplicationAdminMXBeanRegistrar$SpringApplicationAdmin - Application shutdown requested.
2020-03-04 16:33:18 [RMI TCP Connection(2)-127.0.0.1] INFO  o.s.scheduling.concurrent.ThreadPoolTaskExecutor - Shutting down ExecutorService 'applicationTaskExecutor'
2020-03-04 16:35:18 [main] INFO  com.main.SpiderToumingfangchanApplication - Starting SpiderToumingfangchanApplication on DESKTOP-BO0F95N with PID 21008 (D:\work\eclipse\workspace\SpiderToumingfangchan\target\classes started by jinty in D:\work\eclipse\workspace\SpiderToumingfangchan)
2020-03-04 16:35:18 [main] INFO  com.main.SpiderToumingfangchanApplication - No active profile set, falling back to default profiles: default
2020-03-04 16:35:19 [main] WARN  org.mybatis.spring.mapper.ClassPathMapperScanner - No MyBatis mapper was found in '[com.main]' package. Please check your configuration.
2020-03-04 16:35:19 [main] INFO  o.s.boot.web.embedded.tomcat.TomcatWebServer - Tomcat initialized with port(s): 8080 (http)
2020-03-04 16:35:20 [main] INFO  org.apache.coyote.http11.Http11NioProtocol - Initializing ProtocolHandler ["http-nio-8080"]
2020-03-04 16:35:20 [main] INFO  org.apache.catalina.core.StandardService - Starting service [Tomcat]
2020-03-04 16:35:20 [main] INFO  org.apache.catalina.core.StandardEngine - Starting Servlet engine: [Apache Tomcat/9.0.31]
2020-03-04 16:35:20 [main] INFO  o.a.c.core.ContainerBase.[Tomcat].[localhost].[/] - Initializing Spring embedded WebApplicationContext
2020-03-04 16:35:20 [main] DEBUG org.springframework.web.context.ContextLoader - Published root WebApplicationContext as ServletContext attribute with name [org.springframework.web.context.WebApplicationContext.ROOT]
2020-03-04 16:35:20 [main] INFO  org.springframework.web.context.ContextLoader - Root WebApplicationContext: initialization completed in 1768 ms
2020-03-04 16:35:21 [main] INFO  o.s.scheduling.concurrent.ThreadPoolTaskExecutor - Initializing ExecutorService 'applicationTaskExecutor'
2020-03-04 16:35:21 [main] DEBUG o.s.w.s.m.m.a.RequestMappingHandlerAdapter - ControllerAdvice beans: 0 @ModelAttribute, 0 @InitBinder, 1 RequestBodyAdvice, 1 ResponseBodyAdvice
2020-03-04 16:35:21 [main] DEBUG o.s.w.s.m.m.a.RequestMappingHandlerMapping - 2 mappings in 'requestMappingHandlerMapping'
2020-03-04 16:35:21 [main] DEBUG o.s.web.servlet.handler.SimpleUrlHandlerMapping - Patterns [/webjars/**, /**] in 'resourceHandlerMapping'
2020-03-04 16:35:21 [main] DEBUG o.s.w.s.m.m.a.ExceptionHandlerExceptionResolver - ControllerAdvice beans: 0 @ExceptionHandler, 1 ResponseBodyAdvice
2020-03-04 16:35:21 [main] INFO  org.apache.coyote.http11.Http11NioProtocol - Starting ProtocolHandler ["http-nio-8080"]
2020-03-04 16:35:22 [main] INFO  o.s.boot.web.embedded.tomcat.TomcatWebServer - Tomcat started on port(s): 8080 (http) with context path ''
2020-03-04 16:35:22 [main] INFO  com.main.SpiderToumingfangchanApplication - Started SpiderToumingfangchanApplication in 3.843 seconds (JVM running for 5.482)
2020-03-04 16:35:37 [RMI TCP Connection(2)-127.0.0.1] INFO  o.s.b.a.SpringApplicationAdminMXBeanRegistrar$SpringApplicationAdmin - Application shutdown requested.
2020-03-04 16:35:37 [RMI TCP Connection(2)-127.0.0.1] INFO  o.s.scheduling.concurrent.ThreadPoolTaskExecutor - Shutting down ExecutorService 'applicationTaskExecutor'
2020-03-04 16:36:07 [main] INFO  com.main.SpiderToumingfangchanApplication - Starting SpiderToumingfangchanApplication on DESKTOP-BO0F95N with PID 18692 (D:\work\eclipse\workspace\SpiderToumingfangchan\target\classes started by jinty in D:\work\eclipse\workspace\SpiderToumingfangchan)
2020-03-04 16:36:07 [main] INFO  com.main.SpiderToumingfangchanApplication - No active profile set, falling back to default profiles: default
2020-03-04 16:36:08 [main] WARN  org.mybatis.spring.mapper.ClassPathMapperScanner - No MyBatis mapper was found in '[com.main]' package. Please check your configuration.
2020-03-04 16:36:10 [main] INFO  o.s.boot.web.embedded.tomcat.TomcatWebServer - Tomcat initialized with port(s): 8080 (http)
2020-03-04 16:36:10 [main] INFO  org.apache.coyote.http11.Http11NioProtocol - Initializing ProtocolHandler ["http-nio-8080"]
2020-03-04 16:36:10 [main] INFO  org.apache.catalina.core.StandardService - Starting service [Tomcat]
2020-03-04 16:36:10 [main] INFO  org.apache.catalina.core.StandardEngine - Starting Servlet engine: [Apache Tomcat/9.0.31]
2020-03-04 16:36:10 [main] INFO  o.a.c.core.ContainerBase.[Tomcat].[localhost].[/] - Initializing Spring embedded WebApplicationContext
2020-03-04 16:36:10 [main] DEBUG org.springframework.web.context.ContextLoader - Published root WebApplicationContext as ServletContext attribute with name [org.springframework.web.context.WebApplicationContext.ROOT]
2020-03-04 16:36:10 [main] INFO  org.springframework.web.context.ContextLoader - Root WebApplicationContext: initialization completed in 3057 ms
2020-03-04 16:36:11 [main] INFO  o.s.scheduling.concurrent.ThreadPoolTaskExecutor - Initializing ExecutorService 'applicationTaskExecutor'
2020-03-04 16:36:11 [main] DEBUG o.s.w.s.m.m.a.RequestMappingHandlerAdapter - ControllerAdvice beans: 0 @ModelAttribute, 0 @InitBinder, 1 RequestBodyAdvice, 1 ResponseBodyAdvice
2020-03-04 16:36:11 [main] DEBUG o.s.w.s.m.m.a.RequestMappingHandlerMapping - 2 mappings in 'requestMappingHandlerMapping'
2020-03-04 16:36:11 [main] DEBUG o.s.web.servlet.handler.SimpleUrlHandlerMapping - Patterns [/webjars/**, /**] in 'resourceHandlerMapping'
2020-03-04 16:36:11 [main] DEBUG o.s.w.s.m.m.a.ExceptionHandlerExceptionResolver - ControllerAdvice beans: 0 @ExceptionHandler, 1 ResponseBodyAdvice
2020-03-04 16:36:11 [main] INFO  org.apache.coyote.http11.Http11NioProtocol - Starting ProtocolHandler ["http-nio-8080"]
2020-03-04 16:36:12 [main] INFO  o.s.boot.web.embedded.tomcat.TomcatWebServer - Tomcat started on port(s): 8080 (http) with context path ''
2020-03-04 16:36:12 [main] INFO  com.main.SpiderToumingfangchanApplication - Started SpiderToumingfangchanApplication in 5.727 seconds (JVM running for 7.064)
2020-03-04 16:36:16 [http-nio-8080-exec-1] INFO  o.a.c.core.ContainerBase.[Tomcat].[localhost].[/] - Initializing Spring DispatcherServlet 'dispatcherServlet'
2020-03-04 16:36:16 [http-nio-8080-exec-1] INFO  org.springframework.web.servlet.DispatcherServlet - Initializing Servlet 'dispatcherServlet'
2020-03-04 16:36:16 [http-nio-8080-exec-1] DEBUG org.springframework.web.servlet.DispatcherServlet - Detected StandardServletMultipartResolver
2020-03-04 16:36:16 [http-nio-8080-exec-1] DEBUG org.springframework.web.servlet.DispatcherServlet - enableLoggingRequestDetails='false': request parameters and headers will be masked to prevent unsafe logging of potentially sensitive data
2020-03-04 16:36:16 [http-nio-8080-exec-1] INFO  org.springframework.web.servlet.DispatcherServlet - Completed initialization in 15 ms
2020-03-04 16:36:16 [http-nio-8080-exec-1] DEBUG org.springframework.web.servlet.DispatcherServlet - GET "/SpiderToumingfangchan/newhouse/newhouse", parameters={}
2020-03-04 16:36:16 [http-nio-8080-exec-1] DEBUG o.s.web.servlet.handler.SimpleUrlHandlerMapping - Mapped to ResourceHttpRequestHandler ["classpath:/META-INF/resources/", "classpath:/resources/", "classpath:/static/", "classpath:/public/", "/"]
2020-03-04 16:36:16 [http-nio-8080-exec-1] DEBUG o.s.w.servlet.resource.ResourceHttpRequestHandler - Resource not found
2020-03-04 16:36:16 [http-nio-8080-exec-1] DEBUG org.springframework.web.servlet.DispatcherServlet - Completed 404 NOT_FOUND
2020-03-04 16:36:16 [http-nio-8080-exec-1] DEBUG org.springframework.web.servlet.DispatcherServlet - "ERROR" dispatch for GET "/error", parameters={}
2020-03-04 16:36:16 [http-nio-8080-exec-1] DEBUG o.s.w.s.m.m.a.RequestMappingHandlerMapping - Mapped to org.springframework.boot.autoconfigure.web.servlet.error.BasicErrorController#errorHtml(HttpServletRequest, HttpServletResponse)
2020-03-04 16:36:16 [http-nio-8080-exec-1] DEBUG o.s.w.servlet.view.ContentNegotiatingViewResolver - Selected 'text/html' given [text/html, text/html;q=0.8]
2020-03-04 16:36:16 [http-nio-8080-exec-1] DEBUG org.springframework.web.servlet.DispatcherServlet - Exiting from "ERROR" dispatch, status 404
2020-03-04 16:36:47 [main] INFO  com.main.SpiderToumingfangchanApplication - Starting SpiderToumingfangchanApplication on DESKTOP-BO0F95N with PID 21932 (D:\work\eclipse\workspace\SpiderToumingfangchan\target\classes started by jinty in D:\work\eclipse\workspace\SpiderToumingfangchan)
2020-03-04 16:36:47 [main] INFO  com.main.SpiderToumingfangchanApplication - No active profile set, falling back to default profiles: default
2020-03-04 16:36:48 [main] WARN  org.mybatis.spring.mapper.ClassPathMapperScanner - No MyBatis mapper was found in '[com.main]' package. Please check your configuration.
2020-03-04 16:36:50 [main] INFO  o.s.boot.web.embedded.tomcat.TomcatWebServer - Tomcat initialized with port(s): 8080 (http)
2020-03-04 16:36:50 [main] INFO  org.apache.coyote.http11.Http11NioProtocol - Initializing ProtocolHandler ["http-nio-8080"]
2020-03-04 16:36:50 [main] INFO  org.apache.catalina.core.StandardService - Starting service [Tomcat]
2020-03-04 16:36:50 [main] INFO  org.apache.catalina.core.StandardEngine - Starting Servlet engine: [Apache Tomcat/9.0.31]
2020-03-04 16:36:50 [main] INFO  o.a.c.core.ContainerBase.[Tomcat].[localhost].[/] - Initializing Spring embedded WebApplicationContext
2020-03-04 16:36:50 [main] DEBUG org.springframework.web.context.ContextLoader - Published root WebApplicationContext as ServletContext attribute with name [org.springframework.web.context.WebApplicationContext.ROOT]
2020-03-04 16:36:50 [main] INFO  org.springframework.web.context.ContextLoader - Root WebApplicationContext: initialization completed in 3055 ms
2020-03-04 16:36:51 [main] INFO  o.s.scheduling.concurrent.ThreadPoolTaskExecutor - Initializing ExecutorService 'applicationTaskExecutor'
2020-03-04 16:36:51 [main] DEBUG o.s.w.s.m.m.a.RequestMappingHandlerAdapter - ControllerAdvice beans: 0 @ModelAttribute, 0 @InitBinder, 1 RequestBodyAdvice, 1 ResponseBodyAdvice
2020-03-04 16:36:51 [main] DEBUG o.s.w.s.m.m.a.RequestMappingHandlerMapping - 2 mappings in 'requestMappingHandlerMapping'
2020-03-04 16:36:51 [main] DEBUG o.s.web.servlet.handler.SimpleUrlHandlerMapping - Patterns [/webjars/**, /**] in 'resourceHandlerMapping'
2020-03-04 16:36:51 [main] DEBUG o.s.w.s.m.m.a.ExceptionHandlerExceptionResolver - ControllerAdvice beans: 0 @ExceptionHandler, 1 ResponseBodyAdvice
2020-03-04 16:36:52 [main] INFO  org.apache.coyote.http11.Http11NioProtocol - Starting ProtocolHandler ["http-nio-8080"]
2020-03-04 16:36:52 [main] INFO  o.s.boot.web.embedded.tomcat.TomcatWebServer - Tomcat started on port(s): 8080 (http) with context path ''
2020-03-04 16:36:52 [main] INFO  com.main.SpiderToumingfangchanApplication - Started SpiderToumingfangchanApplication in 5.608 seconds (JVM running for 6.703)
2020-03-04 16:36:58 [http-nio-8080-exec-1] INFO  o.a.c.core.ContainerBase.[Tomcat].[localhost].[/] - Initializing Spring DispatcherServlet 'dispatcherServlet'
2020-03-04 16:36:58 [http-nio-8080-exec-1] INFO  org.springframework.web.servlet.DispatcherServlet - Initializing Servlet 'dispatcherServlet'
2020-03-04 16:36:58 [http-nio-8080-exec-1] DEBUG org.springframework.web.servlet.DispatcherServlet - Detected StandardServletMultipartResolver
2020-03-04 16:36:58 [http-nio-8080-exec-1] DEBUG org.springframework.web.servlet.DispatcherServlet - enableLoggingRequestDetails='false': request parameters and headers will be masked to prevent unsafe logging of potentially sensitive data
2020-03-04 16:36:58 [http-nio-8080-exec-1] INFO  org.springframework.web.servlet.DispatcherServlet - Completed initialization in 12 ms
2020-03-04 16:36:58 [http-nio-8080-exec-1] DEBUG org.springframework.web.servlet.DispatcherServlet - GET "/SpiderToumingfangchan/newhouse/newhouse", parameters={}
2020-03-04 16:36:58 [http-nio-8080-exec-1] DEBUG o.s.web.servlet.handler.SimpleUrlHandlerMapping - Mapped to ResourceHttpRequestHandler ["classpath:/META-INF/resources/", "classpath:/resources/", "classpath:/static/", "classpath:/public/", "/"]
2020-03-04 16:36:58 [http-nio-8080-exec-1] DEBUG o.s.w.servlet.resource.ResourceHttpRequestHandler - Resource not found
2020-03-04 16:36:58 [http-nio-8080-exec-1] DEBUG org.springframework.web.servlet.DispatcherServlet - Completed 404 NOT_FOUND
2020-03-04 16:36:58 [http-nio-8080-exec-1] DEBUG org.springframework.web.servlet.DispatcherServlet - "ERROR" dispatch for GET "/error", parameters={}
2020-03-04 16:36:59 [http-nio-8080-exec-1] DEBUG o.s.w.s.m.m.a.RequestMappingHandlerMapping - Mapped to org.springframework.boot.autoconfigure.web.servlet.error.BasicErrorController#errorHtml(HttpServletRequest, HttpServletResponse)
2020-03-04 16:36:59 [http-nio-8080-exec-1] DEBUG o.s.w.servlet.view.ContentNegotiatingViewResolver - Selected 'text/html' given [text/html, text/html;q=0.8]
2020-03-04 16:36:59 [http-nio-8080-exec-1] DEBUG org.springframework.web.servlet.DispatcherServlet - Exiting from "ERROR" dispatch, status 404
2020-03-04 16:40:42 [main] INFO  com.main.SpiderToumingfangchanApplication - Starting SpiderToumingfangchanApplication on DESKTOP-BO0F95N with PID 22292 (D:\work\eclipse\workspace\SpiderToumingfangchan\target\classes started by jinty in D:\work\eclipse\workspace\SpiderToumingfangchan)
2020-03-04 16:40:42 [main] INFO  com.main.SpiderToumingfangchanApplication - No active profile set, falling back to default profiles: default
2020-03-04 16:40:43 [main] WARN  org.mybatis.spring.mapper.ClassPathMapperScanner - No MyBatis mapper was found in '[com.main]' package. Please check your configuration.
2020-03-04 16:40:43 [main] INFO  o.s.boot.web.embedded.tomcat.TomcatWebServer - Tomcat initialized with port(s): 8080 (http)
2020-03-04 16:40:43 [main] INFO  org.apache.coyote.http11.Http11NioProtocol - Initializing ProtocolHandler ["http-nio-8080"]
2020-03-04 16:40:43 [main] INFO  org.apache.catalina.core.StandardService - Starting service [Tomcat]
2020-03-04 16:40:43 [main] INFO  org.apache.catalina.core.StandardEngine - Starting Servlet engine: [Apache Tomcat/9.0.31]
2020-03-04 16:40:43 [main] INFO  o.a.c.core.ContainerBase.[Tomcat].[localhost].[/] - Initializing Spring embedded WebApplicationContext
2020-03-04 16:40:43 [main] DEBUG org.springframework.web.context.ContextLoader - Published root WebApplicationContext as ServletContext attribute with name [org.springframework.web.context.WebApplicationContext.ROOT]
2020-03-04 16:40:43 [main] INFO  org.springframework.web.context.ContextLoader - Root WebApplicationContext: initialization completed in 1234 ms
2020-03-04 16:40:43 [main] INFO  o.s.scheduling.concurrent.ThreadPoolTaskExecutor - Initializing ExecutorService 'applicationTaskExecutor'
2020-03-04 16:40:43 [main] DEBUG o.s.w.s.m.m.a.RequestMappingHandlerAdapter - ControllerAdvice beans: 0 @ModelAttribute, 0 @InitBinder, 1 RequestBodyAdvice, 1 ResponseBodyAdvice
2020-03-04 16:40:43 [main] DEBUG o.s.w.s.m.m.a.RequestMappingHandlerMapping - 2 mappings in 'requestMappingHandlerMapping'
2020-03-04 16:40:43 [main] DEBUG o.s.web.servlet.handler.SimpleUrlHandlerMapping - Patterns [/webjars/**, /**] in 'resourceHandlerMapping'
2020-03-04 16:40:44 [main] DEBUG o.s.w.s.m.m.a.ExceptionHandlerExceptionResolver - ControllerAdvice beans: 0 @ExceptionHandler, 1 ResponseBodyAdvice
2020-03-04 16:40:44 [main] INFO  org.apache.coyote.http11.Http11NioProtocol - Starting ProtocolHandler ["http-nio-8080"]
2020-03-04 16:40:44 [main] INFO  o.s.boot.web.embedded.tomcat.TomcatWebServer - Tomcat started on port(s): 8080 (http) with context path ''
2020-03-04 16:40:44 [main] INFO  com.main.SpiderToumingfangchanApplication - Started SpiderToumingfangchanApplication in 2.507 seconds (JVM running for 3.759)
2020-03-04 16:40:52 [http-nio-8080-exec-1] INFO  o.a.c.core.ContainerBase.[Tomcat].[localhost].[/] - Initializing Spring DispatcherServlet 'dispatcherServlet'
2020-03-04 16:40:52 [http-nio-8080-exec-1] INFO  org.springframework.web.servlet.DispatcherServlet - Initializing Servlet 'dispatcherServlet'
2020-03-04 16:40:52 [http-nio-8080-exec-1] DEBUG org.springframework.web.servlet.DispatcherServlet - Detected StandardServletMultipartResolver
2020-03-04 16:40:52 [http-nio-8080-exec-1] DEBUG org.springframework.web.servlet.DispatcherServlet - enableLoggingRequestDetails='false': request parameters and headers will be masked to prevent unsafe logging of potentially sensitive data
2020-03-04 16:40:52 [http-nio-8080-exec-1] INFO  org.springframework.web.servlet.DispatcherServlet - Completed initialization in 8 ms
2020-03-04 16:40:52 [http-nio-8080-exec-1] DEBUG org.springframework.web.servlet.DispatcherServlet - GET "/SpiderToumingfangchan/newhouse/newhouse", parameters={}
2020-03-04 16:40:52 [http-nio-8080-exec-1] DEBUG o.s.web.servlet.handler.SimpleUrlHandlerMapping - Mapped to ResourceHttpRequestHandler ["classpath:/META-INF/resources/", "classpath:/resources/", "classpath:/static/", "classpath:/public/", "/"]
2020-03-04 16:40:52 [http-nio-8080-exec-1] DEBUG o.s.w.servlet.resource.ResourceHttpRequestHandler - Resource not found
2020-03-04 16:40:52 [http-nio-8080-exec-1] DEBUG org.springframework.web.servlet.DispatcherServlet - Completed 404 NOT_FOUND
2020-03-04 16:40:52 [http-nio-8080-exec-1] DEBUG org.springframework.web.servlet.DispatcherServlet - "ERROR" dispatch for GET "/error", parameters={}
2020-03-04 16:40:52 [http-nio-8080-exec-1] DEBUG o.s.w.s.m.m.a.RequestMappingHandlerMapping - Mapped to org.springframework.boot.autoconfigure.web.servlet.error.BasicErrorController#errorHtml(HttpServletRequest, HttpServletResponse)
2020-03-04 16:40:52 [http-nio-8080-exec-1] DEBUG o.s.w.servlet.view.ContentNegotiatingViewResolver - Selected 'text/html' given [text/html, text/html;q=0.8]
2020-03-04 16:40:52 [http-nio-8080-exec-1] DEBUG org.springframework.web.servlet.DispatcherServlet - Exiting from "ERROR" dispatch, status 404
2020-03-04 16:41:03 [http-nio-8080-exec-2] DEBUG org.springframework.web.servlet.DispatcherServlet - GET "/SpiderToumingfangchan/newhouse/newhouse", parameters={}
2020-03-04 16:41:03 [http-nio-8080-exec-2] DEBUG o.s.web.servlet.handler.SimpleUrlHandlerMapping - Mapped to ResourceHttpRequestHandler ["classpath:/META-INF/resources/", "classpath:/resources/", "classpath:/static/", "classpath:/public/", "/"]
2020-03-04 16:41:03 [http-nio-8080-exec-2] DEBUG o.s.w.servlet.resource.ResourceHttpRequestHandler - Resource not found
2020-03-04 16:41:03 [http-nio-8080-exec-2] DEBUG org.springframework.web.servlet.DispatcherServlet - Completed 404 NOT_FOUND
2020-03-04 16:41:03 [http-nio-8080-exec-2] DEBUG org.springframework.web.servlet.DispatcherServlet - "ERROR" dispatch for GET "/error", parameters={}
2020-03-04 16:41:03 [http-nio-8080-exec-2] DEBUG o.s.w.s.m.m.a.RequestMappingHandlerMapping - Mapped to org.springframework.boot.autoconfigure.web.servlet.error.BasicErrorController#errorHtml(HttpServletRequest, HttpServletResponse)
2020-03-04 16:41:03 [http-nio-8080-exec-2] DEBUG o.s.w.servlet.view.ContentNegotiatingViewResolver - Selected 'text/html' given [text/html, text/html;q=0.8]
2020-03-04 16:41:03 [http-nio-8080-exec-2] DEBUG org.springframework.web.servlet.DispatcherServlet - Exiting from "ERROR" dispatch, status 404
2020-03-04 16:46:31 [main] INFO  com.main.SpiderToumingfangchanApplication - Starting SpiderToumingfangchanApplication on DESKTOP-BO0F95N with PID 17856 (D:\work\eclipse\workspace\SpiderToumingfangchan\target\classes started by jinty in D:\work\eclipse\workspace\SpiderToumingfangchan)
2020-03-04 16:46:31 [main] INFO  com.main.SpiderToumingfangchanApplication - No active profile set, falling back to default profiles: default
2020-03-04 16:46:31 [main] WARN  org.mybatis.spring.mapper.ClassPathMapperScanner - No MyBatis mapper was found in '[com.main]' package. Please check your configuration.
2020-03-04 16:46:32 [main] INFO  o.s.boot.web.embedded.tomcat.TomcatWebServer - Tomcat initialized with port(s): 8080 (http)
2020-03-04 16:46:32 [main] INFO  org.apache.coyote.http11.Http11NioProtocol - Initializing ProtocolHandler ["http-nio-8080"]
2020-03-04 16:46:32 [main] INFO  org.apache.catalina.core.StandardService - Starting service [Tomcat]
2020-03-04 16:46:32 [main] INFO  org.apache.catalina.core.StandardEngine - Starting Servlet engine: [Apache Tomcat/9.0.31]
2020-03-04 16:46:32 [main] INFO  o.a.c.core.ContainerBase.[Tomcat].[localhost].[/] - Initializing Spring embedded WebApplicationContext
2020-03-04 16:46:32 [main] DEBUG org.springframework.web.context.ContextLoader - Published root WebApplicationContext as ServletContext attribute with name [org.springframework.web.context.WebApplicationContext.ROOT]
2020-03-04 16:46:32 [main] INFO  org.springframework.web.context.ContextLoader - Root WebApplicationContext: initialization completed in 1015 ms
2020-03-04 16:46:32 [main] INFO  o.s.scheduling.concurrent.ThreadPoolTaskExecutor - Initializing ExecutorService 'applicationTaskExecutor'
2020-03-04 16:46:32 [main] DEBUG o.s.w.s.m.m.a.RequestMappingHandlerAdapter - ControllerAdvice beans: 0 @ModelAttribute, 0 @InitBinder, 1 RequestBodyAdvice, 1 ResponseBodyAdvice
2020-03-04 16:46:32 [main] DEBUG o.s.w.s.m.m.a.RequestMappingHandlerMapping - 2 mappings in 'requestMappingHandlerMapping'
2020-03-04 16:46:32 [main] DEBUG o.s.web.servlet.handler.SimpleUrlHandlerMapping - Patterns [/webjars/**, /**] in 'resourceHandlerMapping'
2020-03-04 16:46:32 [main] DEBUG o.s.w.s.m.m.a.ExceptionHandlerExceptionResolver - ControllerAdvice beans: 0 @ExceptionHandler, 1 ResponseBodyAdvice
2020-03-04 16:46:32 [main] INFO  org.apache.coyote.http11.Http11NioProtocol - Starting ProtocolHandler ["http-nio-8080"]
2020-03-04 16:46:32 [main] INFO  org.apache.coyote.http11.Http11NioProtocol - Pausing ProtocolHandler ["http-nio-8080"]
2020-03-04 16:46:32 [main] INFO  org.apache.catalina.core.StandardService - Stopping service [Tomcat]
2020-03-04 16:46:32 [main] INFO  org.apache.coyote.http11.Http11NioProtocol - Stopping ProtocolHandler ["http-nio-8080"]
2020-03-04 16:46:32 [main] INFO  org.apache.coyote.http11.Http11NioProtocol - Destroying ProtocolHandler ["http-nio-8080"]
2020-03-04 16:46:32 [main] INFO  o.s.b.a.l.ConditionEvaluationReportLoggingListener - 

Error starting ApplicationContext. To display the conditions report re-run your application with 'debug' enabled.
2020-03-04 16:46:32 [main] ERROR o.s.b.diagnostics.LoggingFailureAnalysisReporter - 

***************************
APPLICATION FAILED TO START
***************************

Description:

Web server failed to start. Port 8080 was already in use.

Action:

Identify and stop the process that's listening on port 8080 or configure this application to listen on another port.

2020-03-04 16:46:32 [main] INFO  o.s.scheduling.concurrent.ThreadPoolTaskExecutor - Shutting down ExecutorService 'applicationTaskExecutor'
2020-03-04 16:51:13 [http-nio-8080-exec-4] DEBUG org.springframework.web.servlet.DispatcherServlet - GET "/SpiderToumingfangchan/newhouse/newhouse", parameters={}
2020-03-04 16:51:13 [http-nio-8080-exec-4] DEBUG o.s.web.servlet.handler.SimpleUrlHandlerMapping - Mapped to ResourceHttpRequestHandler ["classpath:/META-INF/resources/", "classpath:/resources/", "classpath:/static/", "classpath:/public/", "/"]
2020-03-04 16:51:13 [http-nio-8080-exec-4] DEBUG o.s.w.servlet.resource.ResourceHttpRequestHandler - Resource not found
2020-03-04 16:51:13 [http-nio-8080-exec-4] DEBUG org.springframework.web.servlet.DispatcherServlet - Completed 404 NOT_FOUND
2020-03-04 16:51:13 [http-nio-8080-exec-4] DEBUG org.springframework.web.servlet.DispatcherServlet - "ERROR" dispatch for GET "/error", parameters={}
2020-03-04 16:51:13 [http-nio-8080-exec-4] DEBUG o.s.w.s.m.m.a.RequestMappingHandlerMapping - Mapped to org.springframework.boot.autoconfigure.web.servlet.error.BasicErrorController#errorHtml(HttpServletRequest, HttpServletResponse)
2020-03-04 16:51:13 [http-nio-8080-exec-4] DEBUG o.s.w.servlet.view.ContentNegotiatingViewResolver - Selected 'text/html' given [text/html, text/html;q=0.8]
2020-03-04 16:51:13 [http-nio-8080-exec-4] DEBUG org.springframework.web.servlet.DispatcherServlet - Exiting from "ERROR" dispatch, status 404
2020-03-04 16:51:20 [http-nio-8080-exec-5] DEBUG org.springframework.web.servlet.DispatcherServlet - GET "/newhouse/newhouse", parameters={}
2020-03-04 16:51:20 [http-nio-8080-exec-5] DEBUG o.s.web.servlet.handler.SimpleUrlHandlerMapping - Mapped to ResourceHttpRequestHandler ["classpath:/META-INF/resources/", "classpath:/resources/", "classpath:/static/", "classpath:/public/", "/"]
2020-03-04 16:51:20 [http-nio-8080-exec-5] DEBUG o.s.w.servlet.resource.ResourceHttpRequestHandler - Resource not found
2020-03-04 16:51:20 [http-nio-8080-exec-5] DEBUG org.springframework.web.servlet.DispatcherServlet - Completed 404 NOT_FOUND
2020-03-04 16:51:20 [http-nio-8080-exec-5] DEBUG org.springframework.web.servlet.DispatcherServlet - "ERROR" dispatch for GET "/error", parameters={}
2020-03-04 16:51:20 [http-nio-8080-exec-5] DEBUG o.s.w.s.m.m.a.RequestMappingHandlerMapping - Mapped to org.springframework.boot.autoconfigure.web.servlet.error.BasicErrorController#errorHtml(HttpServletRequest, HttpServletResponse)
2020-03-04 16:51:20 [http-nio-8080-exec-5] DEBUG o.s.w.servlet.view.ContentNegotiatingViewResolver - Selected 'text/html' given [text/html, text/html;q=0.8]
2020-03-04 16:51:20 [http-nio-8080-exec-5] DEBUG org.springframework.web.servlet.DispatcherServlet - Exiting from "ERROR" dispatch, status 404
2020-03-04 16:53:46 [RMI TCP Connection(3)-127.0.0.1] INFO  o.s.b.a.SpringApplicationAdminMXBeanRegistrar$SpringApplicationAdmin - Application shutdown requested.
2020-03-04 16:53:46 [RMI TCP Connection(3)-127.0.0.1] INFO  o.s.scheduling.concurrent.ThreadPoolTaskExecutor - Shutting down ExecutorService 'applicationTaskExecutor'
2020-03-04 16:57:38 [main] INFO  com.main.SpiderToumingfangchanApplication - Starting SpiderToumingfangchanApplication on DESKTOP-BO0F95N with PID 27152 (D:\work\eclipse\workspace\SpiderToumingfangchan\target\classes started by jinty in D:\work\eclipse\workspace\SpiderToumingfangchan)
2020-03-04 16:57:38 [main] INFO  com.main.SpiderToumingfangchanApplication - No active profile set, falling back to default profiles: default
2020-03-04 16:57:41 [main] WARN  org.mybatis.spring.mapper.ClassPathMapperScanner - No MyBatis mapper was found in '[com.yunshan.controller, com.main]' package. Please check your configuration.
2020-03-04 16:57:42 [main] INFO  o.s.boot.web.embedded.tomcat.TomcatWebServer - Tomcat initialized with port(s): 8080 (http)
2020-03-04 16:57:42 [main] INFO  org.apache.coyote.http11.Http11NioProtocol - Initializing ProtocolHandler ["http-nio-8080"]
2020-03-04 16:57:42 [main] INFO  org.apache.catalina.core.StandardService - Starting service [Tomcat]
2020-03-04 16:57:42 [main] INFO  org.apache.catalina.core.StandardEngine - Starting Servlet engine: [Apache Tomcat/9.0.31]
2020-03-04 16:57:42 [main] INFO  o.a.c.core.ContainerBase.[Tomcat].[localhost].[/] - Initializing Spring embedded WebApplicationContext
2020-03-04 16:57:42 [main] DEBUG org.springframework.web.context.ContextLoader - Published root WebApplicationContext as ServletContext attribute with name [org.springframework.web.context.WebApplicationContext.ROOT]
2020-03-04 16:57:42 [main] INFO  org.springframework.web.context.ContextLoader - Root WebApplicationContext: initialization completed in 3964 ms
2020-03-04 16:57:42 [main] DEBUG org.springframework.web.filter.CorsFilter - Filter 'corsFilter' configured for use
2020-03-04 16:57:42 [main] WARN  o.s.b.w.s.c.AnnotationConfigServletWebServerApplicationContext - Exception encountered during context initialization - cancelling refresh attempt: org.springframework.beans.factory.UnsatisfiedDependencyException: Error creating bean with name 'newhouseController': Unsatisfied dependency expressed through field 'newhouseService'; nested exception is org.springframework.beans.factory.UnsatisfiedDependencyException: Error creating bean with name 'newhouseServiceImpl': Unsatisfied dependency expressed through field 'newhouseMapper'; nested exception is org.springframework.beans.factory.NoSuchBeanDefinitionException: No qualifying bean of type 'com.yunshan.dao.NewhouseMapper' available: expected at least 1 bean which qualifies as autowire candidate. Dependency annotations: {@org.springframework.beans.factory.annotation.Autowired(required=true)}
2020-03-04 16:57:42 [main] INFO  org.apache.catalina.core.StandardService - Stopping service [Tomcat]
2020-03-04 16:57:42 [main] INFO  o.s.b.a.l.ConditionEvaluationReportLoggingListener - 

Error starting ApplicationContext. To display the conditions report re-run your application with 'debug' enabled.
2020-03-04 16:57:42 [main] ERROR o.s.b.diagnostics.LoggingFailureAnalysisReporter - 

***************************
APPLICATION FAILED TO START
***************************

Description:

Field newhouseMapper in com.yunshan.serviceImpl.NewhouseServiceImpl required a bean of type 'com.yunshan.dao.NewhouseMapper' that could not be found.

The injection point has the following annotations:
	- @org.springframework.beans.factory.annotation.Autowired(required=true)


Action:

Consider defining a bean of type 'com.yunshan.dao.NewhouseMapper' in your configuration.

2020-03-04 16:59:38 [main] INFO  com.main.SpiderToumingfangchanApplication - Starting SpiderToumingfangchanApplication on DESKTOP-BO0F95N with PID 5632 (D:\work\eclipse\workspace\SpiderToumingfangchan\target\classes started by jinty in D:\work\eclipse\workspace\SpiderToumingfangchan)
2020-03-04 16:59:38 [main] INFO  com.main.SpiderToumingfangchanApplication - No active profile set, falling back to default profiles: default
2020-03-04 16:59:42 [main] INFO  o.s.boot.web.embedded.tomcat.TomcatWebServer - Tomcat initialized with port(s): 8080 (http)
2020-03-04 16:59:42 [main] INFO  org.apache.coyote.http11.Http11NioProtocol - Initializing ProtocolHandler ["http-nio-8080"]
2020-03-04 16:59:42 [main] INFO  org.apache.catalina.core.StandardService - Starting service [Tomcat]
2020-03-04 16:59:42 [main] INFO  org.apache.catalina.core.StandardEngine - Starting Servlet engine: [Apache Tomcat/9.0.31]
2020-03-04 16:59:42 [main] INFO  o.a.c.core.ContainerBase.[Tomcat].[localhost].[/] - Initializing Spring embedded WebApplicationContext
2020-03-04 16:59:42 [main] DEBUG org.springframework.web.context.ContextLoader - Published root WebApplicationContext as ServletContext attribute with name [org.springframework.web.context.WebApplicationContext.ROOT]
2020-03-04 16:59:42 [main] INFO  org.springframework.web.context.ContextLoader - Root WebApplicationContext: initialization completed in 3421 ms
2020-03-04 16:59:42 [main] DEBUG org.springframework.web.filter.CorsFilter - Filter 'corsFilter' configured for use
2020-03-04 16:59:42 [main] DEBUG o.s.w.s.m.m.a.RequestMappingHandlerMapping - 4 mappings in 'requestMappingHandlerMapping'
2020-03-04 16:59:42 [main] DEBUG o.s.web.servlet.handler.SimpleUrlHandlerMapping - Patterns [/static/**, /**, /swagger-ui.html, /webjars/**, /uploads/**] in 'resourceHandlerMapping'
2020-03-04 16:59:42 [main] DEBUG o.s.w.s.m.m.a.RequestMappingHandlerAdapter - ControllerAdvice beans: 0 @ModelAttribute, 0 @InitBinder, 1 RequestBodyAdvice, 3 ResponseBodyAdvice
2020-03-04 16:59:42 [main] DEBUG o.s.w.s.m.m.a.ExceptionHandlerExceptionResolver - ControllerAdvice beans: 0 @ExceptionHandler, 3 ResponseBodyAdvice
2020-03-04 16:59:42 [main] INFO  org.apache.coyote.http11.Http11NioProtocol - Starting ProtocolHandler ["http-nio-8080"]
2020-03-04 16:59:42 [main] INFO  o.s.boot.web.embedded.tomcat.TomcatWebServer - Tomcat started on port(s): 8080 (http) with context path ''
2020-03-04 16:59:42 [main] INFO  com.main.SpiderToumingfangchanApplication - Started SpiderToumingfangchanApplication in 4.557 seconds (JVM running for 5.761)
2020-03-04 16:59:51 [http-nio-8080-exec-1] INFO  o.a.c.core.ContainerBase.[Tomcat].[localhost].[/] - Initializing Spring DispatcherServlet 'dispatcherServlet'
2020-03-04 16:59:51 [http-nio-8080-exec-1] INFO  org.springframework.web.servlet.DispatcherServlet - Initializing Servlet 'dispatcherServlet'
2020-03-04 16:59:51 [http-nio-8080-exec-1] DEBUG org.springframework.web.servlet.DispatcherServlet - Detected StandardServletMultipartResolver
2020-03-04 16:59:51 [http-nio-8080-exec-1] DEBUG org.springframework.web.servlet.DispatcherServlet - enableLoggingRequestDetails='false': request parameters and headers will be masked to prevent unsafe logging of potentially sensitive data
2020-03-04 16:59:51 [http-nio-8080-exec-1] INFO  org.springframework.web.servlet.DispatcherServlet - Completed initialization in 12 ms
2020-03-04 16:59:51 [http-nio-8080-exec-1] DEBUG org.springframework.web.servlet.DispatcherServlet - GET "/newhouse/newhouse", parameters={}
2020-03-04 16:59:51 [http-nio-8080-exec-1] DEBUG o.s.w.s.m.m.a.RequestMappingHandlerMapping - Mapped to com.yunshan.controller.NewhouseController#newhouse(ModelMap)
2020-03-04 16:59:51 [http-nio-8080-exec-1] DEBUG org.springframework.web.servlet.DispatcherServlet - Failed to complete request: javax.servlet.ServletException: Could not resolve view with name 'admin/newhouse' in servlet with name 'dispatcherServlet'
2020-03-04 16:59:51 [http-nio-8080-exec-1] ERROR o.a.c.c.C.[.[localhost].[/].[dispatcherServlet] - Servlet.service() for servlet [dispatcherServlet] in context with path [] threw exception [Could not resolve view with name 'admin/newhouse' in servlet with name 'dispatcherServlet'] with root cause
javax.servlet.ServletException: Could not resolve view with name 'admin/newhouse' in servlet with name 'dispatcherServlet'
	at org.springframework.web.servlet.DispatcherServlet.render(DispatcherServlet.java:1353)
	at org.springframework.web.servlet.DispatcherServlet.processDispatchResult(DispatcherServlet.java:1118)
	at org.springframework.web.servlet.DispatcherServlet.doDispatch(DispatcherServlet.java:1057)
	at org.springframework.web.servlet.DispatcherServlet.doService(DispatcherServlet.java:943)
	at org.springframework.web.servlet.FrameworkServlet.processRequest(FrameworkServlet.java:1006)
	at org.springframework.web.servlet.FrameworkServlet.doGet(FrameworkServlet.java:898)
	at javax.servlet.http.HttpServlet.service(HttpServlet.java:634)
	at org.springframework.web.servlet.FrameworkServlet.service(FrameworkServlet.java:883)
	at javax.servlet.http.HttpServlet.service(HttpServlet.java:741)
	at org.apache.catalina.core.ApplicationFilterChain.internalDoFilter(ApplicationFilterChain.java:231)
	at org.apache.catalina.core.ApplicationFilterChain.doFilter(ApplicationFilterChain.java:166)
	at org.apache.tomcat.websocket.server.WsFilter.doFilter(WsFilter.java:53)
	at org.apache.catalina.core.ApplicationFilterChain.internalDoFilter(ApplicationFilterChain.java:193)
	at org.apache.catalina.core.ApplicationFilterChain.doFilter(ApplicationFilterChain.java:166)
	at org.springframework.web.filter.CorsFilter.doFilterInternal(CorsFilter.java:92)
	at org.springframework.web.filter.OncePerRequestFilter.doFilter(OncePerRequestFilter.java:119)
	at org.apache.catalina.core.ApplicationFilterChain.internalDoFilter(ApplicationFilterChain.java:193)
	at org.apache.catalina.core.ApplicationFilterChain.doFilter(ApplicationFilterChain.java:166)
	at org.springframework.web.filter.CharacterEncodingFilter.doFilterInternal(CharacterEncodingFilter.java:201)
	at org.springframework.web.filter.OncePerRequestFilter.doFilter(OncePerRequestFilter.java:119)
	at org.apache.catalina.core.ApplicationFilterChain.internalDoFilter(ApplicationFilterChain.java:193)
	at org.apache.catalina.core.ApplicationFilterChain.doFilter(ApplicationFilterChain.java:166)
	at org.apache.catalina.core.StandardWrapperValve.invoke(StandardWrapperValve.java:202)
	at org.apache.catalina.core.StandardContextValve.invoke(StandardContextValve.java:96)
	at org.apache.catalina.authenticator.AuthenticatorBase.invoke(AuthenticatorBase.java:541)
	at org.apache.catalina.core.StandardHostValve.invoke(StandardHostValve.java:139)
	at org.apache.catalina.valves.ErrorReportValve.invoke(ErrorReportValve.java:92)
	at org.apache.catalina.core.StandardEngineValve.invoke(StandardEngineValve.java:74)
	at org.apache.catalina.connector.CoyoteAdapter.service(CoyoteAdapter.java:343)
	at org.apache.coyote.http11.Http11Processor.service(Http11Processor.java:367)
	at org.apache.coyote.AbstractProcessorLight.process(AbstractProcessorLight.java:65)
	at org.apache.coyote.AbstractProtocol$ConnectionHandler.process(AbstractProtocol.java:868)
	at org.apache.tomcat.util.net.NioEndpoint$SocketProcessor.doRun(NioEndpoint.java:1639)
	at org.apache.tomcat.util.net.SocketProcessorBase.run(SocketProcessorBase.java:49)
	at java.util.concurrent.ThreadPoolExecutor.runWorker(ThreadPoolExecutor.java:1149)
	at java.util.concurrent.ThreadPoolExecutor$Worker.run(ThreadPoolExecutor.java:624)
	at org.apache.tomcat.util.threads.TaskThread$WrappingRunnable.run(TaskThread.java:61)
	at java.lang.Thread.run(Thread.java:748)
2020-03-04 16:59:51 [http-nio-8080-exec-1] DEBUG org.springframework.web.servlet.DispatcherServlet - "ERROR" dispatch for GET "/error", parameters={}
2020-03-04 16:59:51 [http-nio-8080-exec-1] DEBUG o.s.w.s.m.m.a.RequestMappingHandlerMapping - Mapped to org.springframework.boot.autoconfigure.web.servlet.error.BasicErrorController#errorHtml(HttpServletRequest, HttpServletResponse)
2020-03-04 16:59:51 [http-nio-8080-exec-1] DEBUG org.springframework.web.servlet.DispatcherServlet - Exiting from "ERROR" dispatch, status 500
2020-03-04 17:08:30 [RMI TCP Connection(3)-127.0.0.1] INFO  o.s.b.a.SpringApplicationAdminMXBeanRegistrar$SpringApplicationAdmin - Application shutdown requested.
